#
# There is insufficient memory for the Java Runtime Environment to continue.
# Native memory allocation (malloc) failed to allocate 32744 bytes for ChunkPool::allocate
# Possible reasons:
#   The system is out of physical RAM or swap space
#   In 32 bit mode, the process size limit was hit
# Possible solutions:
#   Reduce memory load on the system
#   Increase physical memory or swap space
#   Check if swap backing store is full
#   Use 64 bit Java on a 64 bit OS
#   Decrease Java heap size (-Xmx/-Xms)
#   Decrease number of Java threads
#   Decrease Java thread stack sizes (-Xss)
#   Set larger code cache with -XX:ReservedCodeCacheSize=
# This output file may be truncated or incomplete.
#
#  Out of Memory Error (allocation.cpp:273), pid=5492, tid=7308
#
# JRE version: Java(TM) SE Runtime Environment (8.0_91-b15) (build 1.8.0_91-b15)
# Java VM: Java HotSpot(TM) 64-Bit Server VM (25.91-b15 mixed mode windows-amd64 compressed oops)
# Failed to write core dump. Minidumps are not enabled by default on client versions of Windows
#

---------------  T H R E A D  ---------------

Current thread (0x0000000014a96800):  JavaThread "C2 CompilerThread1" daemon [_thread_in_native, id=7308, stack(0x0000000016180000,0x0000000016280000)]

Stack: [0x0000000016180000,0x0000000016280000]
[error occurred during error reporting (printing stack bounds), id 0xc0000005]

Native frames: (J=compiled Java code, j=interpreted, Vv=VM code, C=native code)


Current CompileTask:
C2:  14192  466       4       java.util.BitSet::checkInvariants (111 bytes)


---------------  P R O C E S S  ---------------

Java Threads: ( => current thread )
  0x00000000164e9800 JavaThread "pool-1-thread-4" [_thread_in_Java, id=560, stack(0x0000000016d80000,0x0000000016e80000)]
  0x00000000164e9000 JavaThread "pool-1-thread-3" [_thread_in_Java, id=1916, stack(0x0000000016c80000,0x0000000016d80000)]
  0x00000000164e5000 JavaThread "pool-1-thread-2" [_thread_in_Java, id=5272, stack(0x0000000016b80000,0x0000000016c80000)]
  0x0000000016421800 JavaThread "pool-2-thread-1" [_thread_blocked, id=1376, stack(0x0000000016a80000,0x0000000016b80000)]
  0x0000000016421000 JavaThread "pool-1-thread-1" [_thread_in_Java, id=3368, stack(0x0000000016980000,0x0000000016a80000)]
  0x0000000016286000 JavaThread "Service Thread" daemon [_thread_blocked, id=5548, stack(0x0000000016780000,0x0000000016880000)]
  0x0000000014a9c800 JavaThread "C1 CompilerThread2" daemon [_thread_in_native, id=2184, stack(0x0000000016680000,0x0000000016780000)]
=>0x0000000014a96800 JavaThread "C2 CompilerThread1" daemon [_thread_in_native, id=7308, stack(0x0000000016180000,0x0000000016280000)]
  0x0000000014a3d000 JavaThread "C2 CompilerThread0" daemon [_thread_in_native, id=6624, stack(0x0000000016080000,0x0000000016180000)]
  0x0000000014a3b800 JavaThread "Attach Listener" daemon [_thread_blocked, id=6720, stack(0x0000000015f80000,0x0000000016080000)]
  0x0000000014a3a000 JavaThread "Signal Dispatcher" daemon [_thread_blocked, id=828, stack(0x0000000015e80000,0x0000000015f80000)]
  0x0000000014a2a800 JavaThread "Finalizer" daemon [_thread_blocked, id=5528, stack(0x0000000015ca0000,0x0000000015da0000)]
  0x0000000014a09000 JavaThread "Reference Handler" daemon [_thread_blocked, id=2736, stack(0x0000000015ba0000,0x0000000015ca0000)]
  0x000000000236d800 JavaThread "main" [_thread_in_Java, id=6216, stack(0x0000000002040000,0x0000000002140000)]

Other Threads:
  0x0000000014a07000 VMThread [stack: 0x0000000015aa0000,0x0000000015ba0000] [id=200]
  0x000000001628a800 WatcherThread [stack: 0x0000000016880000,0x0000000016980000] [id=7952]

VM state:not at safepoint (normal execution)

VM Mutex/Monitor currently owned by a thread: None

Heap:
 PSYoungGen      total 18432K, used 10872K [0x00000000eab00000, 0x00000000ebf80000, 0x0000000100000000)
  eden space 15872K, 52% used [0x00000000eab00000,0x00000000eb326038,0x00000000eba80000)
  from space 2560K, 98% used [0x00000000ebd00000,0x00000000ebf78010,0x00000000ebf80000)
  to   space 2560K, 0% used [0x00000000eba80000,0x00000000eba80000,0x00000000ebd00000)
 ParOldGen       total 20480K, used 3549K [0x00000000c0000000, 0x00000000c1400000, 0x00000000eab00000)
  object space 20480K, 17% used [0x00000000c0000000,0x00000000c0377758,0x00000000c1400000)
 Metaspace       used 5928K, capacity 6836K, committed 7040K, reserved 1058816K
  class space    used 600K, capacity 620K, committed 640K, reserved 1048576K

Card table byte_map: [0x0000000011730000,0x0000000011940000] byte_map_base: 0x0000000011130000

Marking Bits: (ParMarkBitMap*) 0x0000000063e62f70
 Begin Bits: [0x0000000011ea0000, 0x0000000012ea0000)
 End Bits:   [0x0000000012ea0000, 0x0000000013ea0000)

Polling page: 0x0000000002140000

CodeCache: size=245760Kb used=2429Kb max_used=2441Kb free=243330Kb
 bounds [0x0000000002370000, 0x00000000025e0000, 0x0000000011370000]
 total_blobs=846 nmethods=577 adapters=182
 compilation: enabled

Compilation events (10 events):
Event: 13.520 Thread 0x0000000014a9c800 nmethod 482 0x0000000002598610 code [0x0000000002598840, 0x00000000025996a8]
Event: 13.521 Thread 0x0000000014a9c800  488       1       java.util.HashMap::afterNodeInsertion (1 bytes)
Event: 13.521 Thread 0x0000000014a9c800 nmethod 488 0x0000000002599d90 code [0x0000000002599ee0, 0x0000000002599ff0]
Event: 13.521 Thread 0x0000000014a9c800  475       1       com.android.dx.rop.type.Type::getBasicType (5 bytes)
Event: 13.521 Thread 0x0000000014a9c800 nmethod 475 0x000000000259a050 code [0x000000000259a1a0, 0x000000000259a2b0]
Event: 13.521 Thread 0x0000000014a9c800  484       3       com.android.dx.rop.cst.Constant::compareTo (33 bytes)
Event: 13.521 Thread 0x0000000014a9c800 nmethod 484 0x000000000259a310 code [0x000000000259a4c0, 0x000000000259abf8]
Event: 13.521 Thread 0x0000000014a9c800  492   !   3       com.android.dx.cf.code.BytecodeArray::parseInstruction (2764 bytes)
Event: 13.532 Thread 0x0000000014a96800  466       4       java.util.BitSet::checkInvariants (111 bytes)
Event: 13.532 Thread 0x0000000014a3d000  503   !   4       com.android.dx.util.FixedSizeList::get0 (47 bytes)

GC Heap History (0 events):
No events

Deoptimization events (0 events):
No events

Internal exceptions (2 events):
Event: 5.364 Thread 0x000000000236d800 Exception <a 'java/lang/NoSuchMethodError': Method sun.misc.Unsafe.defineClass(Ljava/lang/String;[BII)Ljava/lang/Class; name or signature does not match> (0x00000000eab07cc0) thrown at [C:\re\workspace\8-2-build-windows-amd64-cygwin\jdk8u91\7017\hotspot\srë†í÷‹t@
Event: 5.364 Thread 0x000000000236d800 Exception <a 'java/lang/NoSuchMethodError': Method sun.misc.Unsafe.prefetchRead(Ljava/lang/Object;J)V name or signature does not match> (0x00000000eab07fa8) thrown at [C:\re\workspace\8-2-build-windows-amd64-cygwin\jdk8u91\7017\hotspot\src\share\vm\prims\j

Events (10 events):
Event: 13.508 loading class java/util/HashMap$ValueIterator
Event: 13.508 loading class java/util/HashMap$ValueIterator done
Event: 13.509 loading class java/util/DualPivotQuicksort
Event: 13.509 loading class java/util/DualPivotQuicksort done
Event: 13.511 loading class com/android/dx/ssa/PhiInsn$Operand
Event: 13.511 loading class com/android/dx/ssa/PhiInsn$Operand done
Event: 13.516 loading class com/android/dx/dex/file/MethodAnnotationStruct
Event: 13.516 loading class com/android/dx/dex/file/MethodAnnotationStruct done
Event: 13.520 loading class com/android/dx/cf/code/BytecodeArray$ConstantParserVisitor
Event: 13.520 loading class com/android/dx/cf/code/BytecodeArray$ConstantParserVisitor done


Dynamic libraries:
0x00007ff666eb0000 - 0x00007ff666ee7000 	C:\Program Files\Java\jdk1.8.0_91\bin\java.exe
0x00007ffedafc0000 - 0x00007ffedb16a000 	C:\Windows\SYSTEM32\ntdll.dll
0x00007ffed8840000 - 0x00007ffed897a000 	C:\Windows\system32\KERNEL32.DLL
0x00007ffed8680000 - 0x00007ffed878f000 	C:\Windows\system32\KERNELBASE.dll
0x00007ffed6f60000 - 0x00007ffed6fe8000 	C:\Windows\system32\apphelp.dll
0x00007ffed5760000 - 0x00007ffed57af000 	C:\Windows\AppPatch\AppPatch64\AcGenral.DLL
0x00007ffedaaf0000 - 0x00007ffedab97000 	C:\Windows\system32\msvcrt.dll
0x00007ffed81e0000 - 0x00007ffed820b000 	C:\Windows\SYSTEM32\SspiCli.dll
0x00007ffedad80000 - 0x00007ffedadd1000 	C:\Windows\system32\SHLWAPI.dll
0x00007ffeda4f0000 - 0x00007ffeda661000 	C:\Windows\system32\USER32.dll
0x00007ffeda950000 - 0x00007ffedaac8000 	C:\Windows\system32\ole32.dll
0x00007ffed8bd0000 - 0x00007ffed9fe7000 	C:\Windows\system32\SHELL32.dll
0x00007ffed7940000 - 0x00007ffed795e000 	C:\Windows\SYSTEM32\USERENV.dll
0x00007ffeda380000 - 0x00007ffeda425000 	C:\Windows\system32\ADVAPI32.dll
0x00007ffecbb60000 - 0x00007ffecbb7b000 	C:\Windows\SYSTEM32\MPR.dll
0x00007ffed9ff0000 - 0x00007ffeda126000 	C:\Windows\system32\RPCRT4.dll
0x00007ffed8b70000 - 0x00007ffed8bc7000 	C:\Windows\SYSTEM32\sechost.dll
0x00007ffedaba0000 - 0x00007ffedad76000 	C:\Windows\SYSTEM32\combase.dll
0x00007ffeda6d0000 - 0x00007ffeda815000 	C:\Windows\system32\GDI32.dll
0x00007ffed8330000 - 0x00007ffed8344000 	C:\Windows\SYSTEM32\profapi.dll
0x00007ffed6970000 - 0x00007ffed6a0f000 	C:\Windows\SYSTEM32\SHCORE.dll
0x00007ffeda8e0000 - 0x00007ffeda914000 	C:\Windows\system32\IMM32.DLL
0x00007ffed8980000 - 0x00007ffed8ab9000 	C:\Windows\system32\MSCTF.dll
0x00007ffed5f70000 - 0x00007ffed5fa2000 	C:\Windows\system32\nvinitx.dll
0x00007ffed5f60000 - 0x00007ffed5f6a000 	C:\Windows\SYSTEM32\VERSION.dll
0x0000000068fa0000 - 0x0000000068fa6000 	C:\Program Files\NVIDIA Corporation\CoProcManager\_etoured.dll
0x00007ffed6780000 - 0x00007ffed67b8000 	C:\Program Files\NVIDIA Corporation\CoProcManager\nvd3d9wrapx.dll
0x00007ffedade0000 - 0x00007ffedafb4000 	C:\Windows\system32\SETUPAPI.dll
0x00007ffed8630000 - 0x00007ffed867a000 	C:\Windows\system32\CFGMGR32.dll
0x00007ffed7140000 - 0x00007ffed7164000 	C:\Program Files\NVIDIA Corporation\CoProcManager\nvdxgiwrapx.dll
0x00007ffed6170000 - 0x00007ffed63ca000 	C:\Windows\WinSxS\amd64_microsoft.windows.common-controls_6595b64144ccf1df_6.0.9600.17031_none_6242a4b3ecbb55a1\COMCTL32.dll
0x00000000631d0000 - 0x00000000632a2000 	C:\Program Files\Java\jdk1.8.0_91\jre\bin\msvcr100.dll
0x0000000063650000 - 0x0000000063ee3000 	C:\Program Files\Java\jdk1.8.0_91\jre\bin\server\jvm.dll
0x00007ffecfee0000 - 0x00007ffecfee9000 	C:\Windows\SYSTEM32\WSOCK32.dll
0x00007ffed5a90000 - 0x00007ffed5aaf000 	C:\Windows\SYSTEM32\WINMM.dll
0x00007ffed8ac0000 - 0x00007ffed8ac7000 	C:\Windows\system32\PSAPI.DLL
0x00007ffeda430000 - 0x00007ffeda488000 	C:\Windows\system32\WS2_32.dll
0x00007ffed5330000 - 0x00007ffed535a000 	C:\Windows\SYSTEM32\WINMMBASE.dll
0x00007ffeda920000 - 0x00007ffeda929000 	C:\Windows\system32\NSI.dll
0x00007ffed71c0000 - 0x00007ffed71e6000 	C:\Windows\SYSTEM32\DEVOBJ.dll
0x0000000063640000 - 0x000000006364f000 	C:\Program Files\Java\jdk1.8.0_91\jre\bin\verify.dll
0x0000000063610000 - 0x0000000063639000 	C:\Program Files\Java\jdk1.8.0_91\jre\bin\java.dll
0x00000000635f0000 - 0x0000000063606000 	C:\Program Files\Java\jdk1.8.0_91\jre\bin\zip.dll

VM Arguments:
jvm_args: -Djava.awt.headless=true -Xmx1024M -Dfile.encoding=windows-1252 -Duser.country=IN -Duser.language=en -Duser.variant 
java_command: com.android.dx.command.Main --dex --force-jumbo --num-threads=4 --output C:\Users\amrinder\Videos\WallPell\app\build\intermediates\pre-dexed\debug\okio-1.8.0_4733fbd37d0a184326dac913a18fe6c8edb35545.jar C:\Users\amrinder\.gradle\caches\modules-2\files-2.1\com.squareup.okio\okio\1.8.0\5ea7af56cc7c567ed9856d99efb30740e9b17ff\okio-1.8.0.jar
java_class_path (initial): C:\Users\amrinder\AppData\Local\Android\sdk\build-tools\23.0.2\lib\dx.jar
Launcher Type: SUN_STANDARD

Environment Variables:
PATH=C:\oraclexe\app\oracle\product\11.2.0\server\bin;;C:\ProgramData\Oracle\Java\javapath;C:\Windows\system32;C:\Windows;C:\Windows\System32\Wbem;C:\Windows\System32\WindowsPowerShell\v1.0\;C:\Program Files (x86)\OpenVPN\bin;C:\TDM-GCC-64\bin;C:\Program Files\Git\cmd;C:\Program Files (x86)\Windows Live\Shared;C:\Program Files\nodejs\;C:\Program Files (x86)\Heroku\bin;C:\Program Files (x86)\git\cmd;C:\Program Files (x86)\Git\cmd;C:\Program Files\TortoiseSVN\bin;C:\Program Files (x86)\NVIDIA Corporation\PhysX\Common;C:\metasploit-framework\bin\;C:\oraclexe\app\oracle\product\11.2.0\server\bin;;C:\ProgramData\Oracle\Java\javapath;C:\Windows\system32;C:\Windows;C:\Windows\System32\Wbem;C:\Windows\System32\WindowsPowerShell\v1.0\;C:\Program Files (x86)\OpenVPN\bin;C:\TDM-GCC-64\bin;C:\Program Files\Git\cmd;C:\Program Files (x86)\Windows Live\Shared;C:\Program Files\nodejs\;C:\Program Files (x86)\Heroku\bin;C:\Program Files (x86)\git\cmd;C:\Program Files (x86)\Git\cmd;C:\Program Files\TortoiseSVN\bin;C:\Python27;C:\Program Files\Java\jdk1.8.0_91\bin;C:\Users\amrinder\Downloads\apache-ant-1.9.7\bin;C:\Python27\Lib\site-packages\pip;C:\Python27\Scripts
USERNAME=amrinder
OS=Windows_NT
PROCESSOR_IDENTIFIER=Intel64 Family 6 Model 69 Stepping 1, GenuineIntel



---------------  S Y S T E M  ---------------

OS: Windows 8.1 , 64 bit Build 9600 (6.3.9600.17056)

CPU:total 4 (2 cores per cpu, 2 threads per core) family 6 model 69 stepping 1, cmov, cx8, fxsr, mmx, sse, sse2, sse3, ssse3, sse4.1, sse4.2, popcnt, avx, avx2, aes, clmul, erms, lzcnt, ht, tsc, tscinvbit, bmi1, bmi2

Memory: 4k page, physical 3963184k(222688k free), swap 6371504k(203540k free)

vm_info: Java HotSpot(TM) 64-Bit Server VM (25.91-b15) for windows-amd64 JRE (1.8.0_91-b15), built on May 20 2016 17:43:15 by "java_re" with MS VC++ 10.0 (VS2010)

time: Sat Oct 08 12:05:25 2016
elapsed time: 15 seconds (0d 0h 0m 15s)

